<?xml version="1.0" encoding="UTF-8"?>
<testng-results ignored="0" total="1" passed="1" failed="0" skipped="0">
  <reporter-output>
  </reporter-output>
  <suite started-at="2022-12-16T15:02:03 IST" name="Surefire suite" finished-at="2022-12-16T15:02:12 IST" duration-ms="9242">
    <groups>
    </groups>
    <test started-at="2022-12-16T15:02:03 IST" name="Surefire test" finished-at="2022-12-16T15:02:12 IST" duration-ms="9242">
      <class name="packp.OneTest">
        <test-method is-config="true" signature="openBrowser()[pri:0, instance:packp.OneTest@6ef888f6]" started-at="2022-12-16T15:02:03 IST" name="openBrowser" finished-at="2022-12-16T15:02:11 IST" duration-ms="8039" status="PASS">
          <reporter-output>
          </reporter-output>
        </test-method> <!-- openBrowser -->
        <test-method signature="testOne()[pri:0, instance:packp.OneTest@6ef888f6]" started-at="2022-12-16T15:02:11 IST" name="testOne" finished-at="2022-12-16T15:02:11 IST" duration-ms="8" status="PASS">
          <reporter-output>
          </reporter-output>
        </test-method> <!-- testOne -->
        <test-method is-config="true" signature="afterTest()[pri:0, instance:packp.OneTest@6ef888f6]" started-at="2022-12-16T15:02:11 IST" name="afterTest" finished-at="2022-12-16T15:02:12 IST" duration-ms="1165" status="PASS">
          <reporter-output>
          </reporter-output>
        </test-method> <!-- afterTest -->
        <test-method is-config="true" signature="close()[pri:0, instance:packp.OneTest@6ef888f6]" started-at="2022-12-16T15:02:12 IST" name="close" finished-at="2022-12-16T15:02:12 IST" duration-ms="108" status="PASS">
          <reporter-output>
          </reporter-output>
        </test-method> <!-- close -->
      </class> <!-- packp.OneTest -->
    </test> <!-- Surefire test -->
  </suite> <!-- Surefire suite -->
</testng-results>
